2025-11-15 22:14:03 [INFO]: GET /
2025-11-15 22:14:13 [INFO]: OPTIONS /api/auth/login
2025-11-15 22:14:54 [INFO]: OPTIONS /api/auth/login function status(code) {
  // Check if the status code is not an integer
  if (!Number.isInteger(code)) {
    throw new TypeError(`Invalid status code: ${JSON.stringify(code)}. Status code must be an integer.`);
  }
  // Check if the status code is outside of Node's valid range
  if (code < 100 || code > 999) {
    throw new RangeError(`Invalid status code: ${JSON.stringify(code)}. Status code must be greater than 99 and less than 1000.`);
  }

  this.statusCode = code;
  return this;
}
2025-11-15 22:15:20 [INFO]: OPTIONS /api/auth/login 200
2025-11-15 22:19:37 [INFO]: POST /api/auth/login 200
2025-11-15 22:20:04 [INFO]: POST /api/auth/login 200
2025-11-15 22:20:14 [INFO]: POST /api/auth/login 200
2025-11-15 22:24:02 [INFO]: POST /api/auth/login 200
2025-11-15 22:26:20 [INFO]: POST /api/auth/login 200
2025-11-15 22:29:15 [INFO]: POST /api/auth/login 200
2025-11-15 22:29:24 [INFO]: POST /api/auth/login 200
2025-11-16 00:08:48 [INFO]: DELETE /api/user/68ee054675f471246044c116 200
2025-11-16 00:09:37 [INFO]: POST /api/ 200
2025-11-16 00:09:41 [INFO]: POST /api/ 200
2025-11-16 00:10:10 [INFO]: POST /api/ 200
2025-11-16 00:11:14 [INFO]: POST /api/auth/login 200
2025-11-16 00:12:08 [INFO]: POST /api/auth/login 200
2025-11-16 00:15:51 [INFO]: POST /api/auth/login 200
2025-11-16 00:16:24 [INFO]: POST /api/auth/login 200
2025-11-16 00:16:36 [INFO]: POST /api/auth/login 200
2025-11-16 00:16:53 [INFO]: DELETE /api/user/68ee054675f471246044c116 200
2025-11-16 00:27:05 [INFO]: POST /api/auth/login 200
2025-11-16 00:30:33 [INFO]: POST /api/auth/login 200
2025-11-16 00:31:34 [INFO]: POST /api/auth/login 200
2025-11-16 00:48:39 [INFO]: GET /api/user/me 200
2025-11-16 00:50:38 [INFO]: POST /login 200
2025-11-16 00:50:42 [INFO]: GET /me 401
2025-11-16 00:53:25 [INFO]: POST /login 200
2025-11-16 00:53:30 [INFO]: GET /me 200
2025-11-16 00:54:41 [INFO]: GET /me 304
2025-11-16 00:54:59 [INFO]: GET /me 304
2025-11-16 00:55:17 [INFO]: GET /me 304
2025-11-16 00:55:40 [INFO]: GET /me 304
2025-11-16 00:55:54 [INFO]: GET /me 304
2025-11-16 00:55:56 [INFO]: DELETE /api/user/68ee054675f471246044c116 404
2025-11-16 00:55:58 [INFO]: DELETE /api/user/68ee054675f471246044c116 404
2025-11-16 00:56:13 [INFO]: GET /me 304
2025-11-16 00:56:45 [INFO]: GET /me 304
2025-11-16 00:56:51 [INFO]: GET /me 304
2025-11-16 00:56:51 [INFO]: GET /me 304
2025-11-16 00:56:57 [INFO]: DELETE / 200
2025-11-16 00:57:03 [INFO]: POST /login 404
2025-11-16 00:57:05 [INFO]: POST /login 404
2025-11-16 00:57:56 [INFO]: POST /login 404
2025-11-16 00:58:45 [INFO]: POST /login 404
2025-11-16 00:59:13 [INFO]: POST /login 404
2025-11-16 00:59:48 [INFO]: POST /check-username 200
2025-11-16 01:00:05 [INFO]: POST /check-username 200
2025-11-16 01:02:27 [INFO]: POST /check-username 200
2025-11-16 01:02:29 [INFO]: POST /check-username 200
2025-11-16 01:02:32 [INFO]: POST /check-username 200
2025-11-16 01:02:35 [INFO]: POST /check-username 200
2025-11-16 01:02:37 [INFO]: POST /check-username 200
2025-11-16 01:02:49 [INFO]: POST /check-username 200
2025-11-16 01:02:50 [INFO]: POST /check-username 200
2025-11-16 01:05:28 [INFO]: POST /signup 400
2025-11-16 01:05:59 [INFO]: POST /signup 500
2025-11-16 01:06:40 [INFO]: POST /signup 200
2025-11-16 01:12:20 [INFO]: POST /check-username 200
2025-11-16 01:12:36 [INFO]: POST /signup 200
2025-11-16 01:16:06 [INFO]: POST /api/auth/verify 404
2025-11-16 01:16:46 [INFO]: POST /verify-account 200
2025-11-16 01:18:40 [INFO]: POST /verify-account 400
2025-11-16 01:18:48 [INFO]: POST /login 400
2025-11-16 01:18:55 [INFO]: POST /login 200
2025-11-16 01:19:02 [INFO]: GET /me 200
2025-11-16 01:19:09 [INFO]: GET /me 304
2025-11-16 01:19:56 [INFO]: GET /me 304
2025-11-16 01:20:01 [INFO]: GET /me 304
2025-11-16 08:35:37 [INFO]: GET /me 401
2025-11-16 08:35:38 [INFO]: GET /me 401
2025-11-16 08:35:39 [INFO]: GET /me 401
2025-11-16 08:35:40 [INFO]: GET /me 401
2025-11-16 08:35:40 [INFO]: GET /me 401
2025-11-16 08:35:41 [INFO]: GET /me 401
2025-11-16 08:35:42 [INFO]: GET /me 401
2025-11-16 08:35:43 [INFO]: GET /me 401
2025-11-16 08:35:44 [INFO]: GET /me 401
2025-11-16 08:35:46 [INFO]: GET /me 401
2025-11-16 08:35:46 [INFO]: GET /me 401
2025-11-16 08:35:47 [INFO]: GET /me 401
2025-11-16 08:35:48 [INFO]: GET /me 401
2025-11-16 08:35:49 [INFO]: GET /me 401
2025-11-16 08:35:50 [INFO]: GET /me 401
2025-11-16 08:35:51 [INFO]: GET /me 401
2025-11-16 08:35:52 [INFO]: GET /me 401
2025-11-16 08:35:53 [INFO]: GET /me 401
2025-11-16 08:35:54 [INFO]: GET /me 401
2025-11-16 08:35:56 [INFO]: GET /me 401
2025-11-16 08:35:59 [INFO]: GET /me 401
2025-11-16 08:36:02 [INFO]: GET /me 401
2025-11-16 08:36:04 [INFO]: GET /me 401
2025-11-16 08:36:06 [INFO]: GET /me 401
2025-11-16 08:36:08 [INFO]: GET /me 401
2025-11-16 08:36:11 [INFO]: GET /me 401
2025-11-16 08:36:12 [INFO]: GET /me 401
2025-11-16 08:36:12 [INFO]: GET /me 401
2025-11-16 08:36:13 [INFO]: GET /me 401
2025-11-16 08:36:13 [INFO]: GET /me 401
2025-11-16 08:36:14 [INFO]: GET /me 401
2025-11-16 08:36:14 [INFO]: GET /me 401
2025-11-16 08:36:15 [INFO]: GET /me 401
2025-11-16 08:36:16 [INFO]: GET /me 401
2025-11-16 08:36:16 [INFO]: GET /me 401
2025-11-16 08:36:17 [INFO]: GET /me 401
2025-11-16 08:36:18 [INFO]: GET /me 401
2025-11-16 08:36:19 [INFO]: GET /me 401
2025-11-16 08:36:19 [INFO]: GET /me 401
2025-11-16 08:36:20 [INFO]: GET /me 401
2025-11-16 08:36:22 [INFO]: GET /me 401
2025-11-16 08:36:23 [INFO]: GET /me 401
2025-11-16 08:36:24 [INFO]: GET /me 401
2025-11-16 08:36:24 [INFO]: GET /me 401
2025-11-16 08:36:25 [INFO]: GET /me 401
2025-11-16 08:36:25 [INFO]: GET /me 401
2025-11-16 08:36:26 [INFO]: GET /me 401
2025-11-16 08:36:26 [INFO]: GET /me 401
2025-11-16 08:36:27 [INFO]: GET /me 401
2025-11-16 08:36:27 [INFO]: GET /me 401
2025-11-16 08:36:28 [INFO]: GET /me 401
2025-11-16 08:36:29 [INFO]: GET /me 401
2025-11-16 08:36:29 [INFO]: GET /me 401
2025-11-16 08:36:30 [INFO]: GET /me 401
2025-11-16 08:36:30 [INFO]: GET /me 401
2025-11-16 08:36:32 [INFO]: GET /me 401
2025-11-16 08:36:32 [INFO]: GET /me 401
2025-11-16 08:36:33 [INFO]: GET /me 401
2025-11-16 08:36:33 [INFO]: GET /me 401
2025-11-16 08:36:34 [INFO]: GET /me 401
2025-11-16 08:36:35 [INFO]: GET /me 401
2025-11-16 08:36:36 [INFO]: GET /me 401
2025-11-16 08:36:37 [INFO]: GET /me 401
2025-11-16 08:36:39 [INFO]: GET /me 401
2025-11-16 08:36:40 [INFO]: GET /me 401
2025-11-16 08:36:41 [INFO]: GET /me 401
2025-11-16 08:36:42 [INFO]: GET /me 401
2025-11-16 08:36:43 [INFO]: GET /me 401
2025-11-16 08:36:46 [INFO]: GET /me 401
2025-11-16 08:36:47 [INFO]: GET /me 401
2025-11-16 08:36:48 [INFO]: GET /me 401
2025-11-16 08:36:49 [INFO]: GET /me 401
2025-11-16 08:36:50 [INFO]: GET /me 401
2025-11-16 08:36:51 [INFO]: GET /me 401
2025-11-16 08:36:52 [INFO]: GET /me 401
2025-11-16 08:36:52 [INFO]: GET /me 401
2025-11-16 08:36:53 [INFO]: GET /me 401
2025-11-16 08:36:54 [INFO]: GET /me 401
2025-11-16 08:36:55 [INFO]: GET /me 401
2025-11-16 08:36:56 [INFO]: GET /me 401
2025-11-16 08:36:57 [INFO]: GET /me 401
2025-11-16 08:36:57 [INFO]: GET /me 401
2025-11-16 08:36:58 [INFO]: GET /me 401
2025-11-16 08:36:59 [INFO]: GET /me 401
2025-11-16 08:36:59 [INFO]: GET /me 401
2025-11-16 08:37:00 [INFO]: GET /me 401
2025-11-16 08:37:01 [INFO]: GET /me 401
2025-11-16 08:37:02 [INFO]: GET /me 401
2025-11-16 08:37:03 [INFO]: GET /me 401
2025-11-16 08:37:04 [INFO]: GET /me 401
2025-11-16 08:37:05 [INFO]: GET /me 401
2025-11-16 08:37:05 [INFO]: GET /me 401
2025-11-16 08:37:06 [INFO]: GET /me 401
2025-11-16 08:37:07 [INFO]: GET /me 401
2025-11-16 08:37:08 [INFO]: GET /me 401
2025-11-16 08:37:08 [INFO]: GET /me 401
2025-11-16 08:37:09 [INFO]: GET /me 401
2025-11-16 08:38:12 [INFO]: GET /me 401
2025-11-16 08:38:24 [INFO]: GET /me 401
2025-11-16 08:38:27 [INFO]: GET /me 401
2025-11-16 08:38:31 [INFO]: GET /me 401
2025-11-16 08:38:35 [INFO]: GET /me 401
2025-11-16 08:38:36 [INFO]: GET /me 401
2025-11-16 08:38:37 [INFO]: GET /me 401
2025-11-16 08:38:39 [INFO]: GET /me 401
2025-11-16 08:38:41 [INFO]: GET /me 401
2025-11-16 08:38:42 [INFO]: GET /me 401
2025-11-16 08:38:43 [INFO]: GET /me 401
2025-11-16 08:38:44 [INFO]: GET /me 401
2025-11-16 08:38:45 [INFO]: GET /me 401
2025-11-16 08:38:52 [INFO]: GET /me 401
2025-11-16 08:38:55 [INFO]: GET /me 401
2025-11-16 08:38:57 [INFO]: GET /me 401
2025-11-16 08:38:58 [INFO]: GET /me 401
2025-11-16 08:38:59 [INFO]: GET /me 401
2025-11-16 08:39:01 [INFO]: GET /me 401
2025-11-16 08:39:02 [INFO]: GET /me 401
2025-11-16 08:39:03 [INFO]: GET /me 401
2025-11-16 08:39:03 [INFO]: GET /me 401
2025-11-16 08:39:04 [INFO]: GET /me 401
2025-11-16 08:39:05 [INFO]: GET /me 401
2025-11-16 08:39:06 [INFO]: GET /me 401
2025-11-16 08:39:08 [INFO]: GET /me 401
2025-11-16 08:39:09 [INFO]: GET /me 401
2025-11-16 08:39:10 [INFO]: GET /me 401
2025-11-16 08:39:12 [INFO]: GET /me 401
2025-11-16 08:39:13 [INFO]: GET /me 401
2025-11-16 08:39:14 [INFO]: GET /me 401
2025-11-16 08:39:16 [INFO]: GET /me 401
2025-11-16 08:39:17 [INFO]: GET /me 401
2025-11-16 08:39:18 [INFO]: GET /me 401
2025-11-16 08:39:19 [INFO]: GET /me 401
2025-11-16 08:39:20 [INFO]: GET /me 401
2025-11-16 08:39:21 [INFO]: GET /me 401
2025-11-16 08:39:22 [INFO]: GET /me 401
2025-11-16 08:39:23 [INFO]: GET /me 401
2025-11-16 08:39:24 [INFO]: GET /me 401
2025-11-16 08:39:31 [INFO]: GET /me 401
2025-11-16 08:39:52 [INFO]: GET /me 401
2025-11-16 08:40:31 [INFO]: GET /me 401
2025-11-16 08:40:51 [INFO]: GET /me 401
2025-11-16 08:41:11 [INFO]: POST /login 400
2025-11-16 08:41:20 [INFO]: POST /login 400
2025-11-16 08:41:27 [INFO]: POST /login 200
2025-11-16 08:41:39 [INFO]: GET /me 200
2025-11-16 08:43:02 [INFO]: GET /me 304
2025-11-16 08:43:24 [INFO]: GET /me 304
2025-11-16 08:43:26 [INFO]: GET /me 304
2025-11-16 08:43:31 [INFO]: GET /me 304
2025-11-16 08:43:49 [INFO]: GET /me 304
2025-11-16 08:43:52 [INFO]: GET /me 304
2025-11-16 08:44:27 [INFO]: GET /me 304
2025-11-16 08:46:49 [INFO]: GET /me 304
2025-11-16 08:46:57 [INFO]: GET /me 304
2025-11-16 08:48:26 [INFO]: GET /me 304
2025-11-16 08:49:35 [INFO]: GET /me 304
2025-11-16 08:49:51 [INFO]: PUT /api/user/6918d7ac8059076dfb41ca0b 404
2025-11-16 08:50:05 [INFO]: GET /me 304
2025-11-16 08:50:09 [INFO]: GET /me 304
2025-11-16 08:50:42 [INFO]: GET /me 304
2025-11-16 08:50:50 [INFO]: GET /me 304
2025-11-16 08:51:03 [INFO]: GET /me 304
2025-11-16 08:52:05 [INFO]: GET /me 304
2025-11-16 08:52:13 [INFO]: GET /me 304
2025-11-16 08:52:15 [INFO]: GET /me 304
2025-11-16 08:52:23 [INFO]: GET /me 304
2025-11-16 08:54:05 [INFO]: GET /me 304
2025-11-16 08:54:27 [INFO]: GET /me 304
2025-11-16 08:54:31 [INFO]: GET /me 304
2025-11-16 08:54:49 [INFO]: PUT / 200
2025-11-16 08:55:45 [INFO]: GET /me 200
2025-11-16 08:55:45 [INFO]: GET /me 304
2025-11-16 08:55:56 [INFO]: GET /me 304
2025-11-16 08:56:19 [INFO]: GET /me 304
2025-11-16 08:56:24 [INFO]: GET /me 304
2025-11-16 08:56:40 [INFO]: PUT / 200
2025-11-16 08:56:40 [INFO]: GET /me 200
2025-11-16 08:57:17 [INFO]: POST /login 200
2025-11-16 08:57:21 [INFO]: GET /me 200
2025-11-16 08:57:34 [INFO]: PUT / 200
2025-11-16 08:57:51 [INFO]: GET /me 200
2025-11-16 08:58:22 [INFO]: GET /me 304
2025-11-16 08:58:31 [INFO]: GET /me 304
2025-11-16 08:58:34 [INFO]: GET /me 304
2025-11-16 08:58:43 [INFO]: GET /me 304
2025-11-16 08:58:52 [INFO]: GET /me 304
2025-11-16 09:00:08 [INFO]: GET /me 304
2025-11-16 09:00:19 [INFO]: PUT / 200
2025-11-16 09:00:50 [INFO]: GET /me 200
2025-11-16 09:00:52 [INFO]: PUT / 200
2025-11-16 09:01:12 [INFO]: GET /me 200
2025-11-16 09:01:14 [INFO]: PUT / 200
2025-11-16 09:01:41 [INFO]: GET /me 200
2025-11-16 09:05:48 [INFO]: GET /me 200
2025-11-16 09:05:56 [INFO]: PUT / 200
2025-11-16 09:06:15 [INFO]: PUT / 500
2025-11-16 09:06:34 [INFO]: GET /me 200
2025-11-29 16:31:44 [INFO]: GET /me 401
2025-11-29 16:32:15 [INFO]: POST /login 200
2025-11-29 16:33:52 [INFO]: GET /me 200
2025-11-29 16:34:25 [ERROR]: Error uploading file: The authorization header is malformed; a non-empty Access Key (AKID) must be provided in the credential.
2025-11-29 16:34:25 [INFO]: PUT / 200
2025-11-29 16:34:26 [ERROR]: Error uploading file: The authorization header is malformed; a non-empty Access Key (AKID) must be provided in the credential.
2025-11-29 16:34:26 [INFO]: PUT / 200
2025-11-29 16:35:00 [ERROR]: Error uploading file: The authorization header is malformed; a non-empty Access Key (AKID) must be provided in the credential.
2025-11-29 16:35:00 [INFO]: PUT / 200
